

Started GET "/rails/info/properties" for 127.0.0.1 at Sun Aug 29 19:11:26 +0200 2010
  Processing by Rails::InfoController#properties as */*
  [1m[36mSQL (12.0ms)[0m  [1m SELECT name
 FROM sqlite_master
 WHERE type = 'table' AND NOT name = 'sqlite_sequence'
[0m
Rendered inline template (3.0ms)
Completed 200 OK in 72ms (Views: 7.0ms | ActiveRecord: 12.0ms)


Started GET "/rails/info/properties" for 127.0.0.1 at Sat Sep 11 12:39:42 +0200 2010
  Processing by Rails::InfoController#properties as */*
  [1m[36mSQL (62.0ms)[0m  [1m SELECT name
 FROM sqlite_master
 WHERE type = 'table' AND NOT name = 'sqlite_sequence'
[0m
Rendered inline template (22.0ms)
Completed 200 OK in 263ms (Views: 29.0ms | ActiveRecord: 62.0ms)


Started GET "/css/style.css" for 127.0.0.1 at Sat Sep 11 12:56:19 +0200 2010

ActionController::RoutingError (No route matches "/css/style.css"):
  

Rendered /Users/adam/Apps/jruby-1.5.2/lib/ruby/gems/1.8/gems/actionpack-3.0.0.rc/lib/action_dispatch/middleware/templates/rescues/routing_error.erb within rescues/layout (18.0ms)


Started GET "/css/style.css" for 0:0:0:0:0:0:0:1%0 at Sat Sep 11 12:56:23 +0200 2010

ActionController::RoutingError (No route matches "/css/style.css"):
  

Rendered /Users/adam/Apps/jruby-1.5.2/lib/ruby/gems/1.8/gems/actionpack-3.0.0.rc/lib/action_dispatch/middleware/templates/rescues/routing_error.erb within rescues/layout (10.0ms)


Started GET "/showme.html" for 127.0.0.1 at Sat Sep 11 13:02:40 +0200 2010

ActionController::RoutingError (No route matches "/showme.html"):
  

Rendered /Users/adam/Apps/jruby-1.5.2/lib/ruby/gems/1.8/gems/actionpack-3.0.0.rc/lib/action_dispatch/middleware/templates/rescues/routing_error.erb within rescues/layout (7.0ms)


Started GET "/css/style.css" for 127.0.0.1 at Sat Sep 11 13:02:59 +0200 2010

ActionController::RoutingError (No route matches "/css/style.css"):
  

Rendered /Users/adam/Apps/jruby-1.5.2/lib/ruby/gems/1.8/gems/actionpack-3.0.0.rc/lib/action_dispatch/middleware/templates/rescues/routing_error.erb within rescues/layout (5.0ms)


Started GET "/css/style.css" for 127.0.0.1 at Sat Sep 11 13:08:44 +0200 2010

ActionController::RoutingError (No route matches "/css/style.css"):
  

Rendered /Users/adam/Apps/jruby-1.5.2/lib/ruby/gems/1.8/gems/actionpack-3.0.0.rc/lib/action_dispatch/middleware/templates/rescues/routing_error.erb within rescues/layout (9.0ms)
